[debug] [2023-05-01T19:13:41.587Z] ----------------------------------------------------------------------
[debug] [2023-05-01T19:13:41.588Z] Command:       /root/.nvm/versions/node/v16.17.1/bin/node /root/.npm/_npx/7750544ccf494d8b/node_modules/.bin/firebase deploy
[debug] [2023-05-01T19:13:41.588Z] CLI Version:   11.29.1
[debug] [2023-05-01T19:13:41.588Z] Platform:      linux
[debug] [2023-05-01T19:13:41.588Z] Node Version:  v16.17.1
[debug] [2023-05-01T19:13:41.589Z] Time:          Mon May 01 2023 21:13:41 GMT+0200 (Central European Summer Time)
[debug] [2023-05-01T19:13:41.589Z] ----------------------------------------------------------------------
[debug] 
[debug] [2023-05-01T19:13:41.635Z] > command requires scopes: ["email","openid","https://www.googleapis.com/auth/cloudplatformprojects.readonly","https://www.googleapis.com/auth/firebase","https://www.googleapis.com/auth/cloud-platform"]
[debug] [2023-05-01T19:13:41.635Z] > authorizing via signed-in user (zhuravel.victoriia@gmail.com)
[debug] [2023-05-01T19:13:41.635Z] [iam] checking project pocketrecipes-eea50 for permissions ["firebase.projects.get","firebasehosting.sites.update"]
[debug] [2023-05-01T19:13:41.637Z] >>> [apiv2][query] POST https://cloudresourcemanager.googleapis.com/v1/projects/pocketrecipes-eea50:testIamPermissions [none]
[debug] [2023-05-01T19:13:41.637Z] >>> [apiv2][(partial)header] POST https://cloudresourcemanager.googleapis.com/v1/projects/pocketrecipes-eea50:testIamPermissions x-goog-quota-user=projects/pocketrecipes-eea50
[debug] [2023-05-01T19:13:41.637Z] >>> [apiv2][body] POST https://cloudresourcemanager.googleapis.com/v1/projects/pocketrecipes-eea50:testIamPermissions {"permissions":["firebase.projects.get","firebasehosting.sites.update"]}
[debug] [2023-05-01T19:13:42.512Z] <<< [apiv2][status] POST https://cloudresourcemanager.googleapis.com/v1/projects/pocketrecipes-eea50:testIamPermissions 200
[debug] [2023-05-01T19:13:42.513Z] <<< [apiv2][body] POST https://cloudresourcemanager.googleapis.com/v1/projects/pocketrecipes-eea50:testIamPermissions {"permissions":["firebase.projects.get","firebasehosting.sites.update"]}
[debug] [2023-05-01T19:13:42.514Z] >>> [apiv2][query] GET https://firebase.googleapis.com/v1beta1/projects/pocketrecipes-eea50 [none]
[debug] [2023-05-01T19:13:42.861Z] <<< [apiv2][status] GET https://firebase.googleapis.com/v1beta1/projects/pocketrecipes-eea50 200
[debug] [2023-05-01T19:13:42.861Z] <<< [apiv2][body] GET https://firebase.googleapis.com/v1beta1/projects/pocketrecipes-eea50 {"projectId":"pocketrecipes-eea50","projectNumber":"799815174615","displayName":"PocketRecipes","name":"projects/pocketrecipes-eea50","resources":{"hostingSite":"pocketrecipes-eea50","realtimeDatabaseInstance":"pocketrecipes-eea50-default-rtdb"},"state":"ACTIVE","etag":"1_217a7472-e0a3-4973-a436-fc9cf224f3b9"}
[info] 
[info] === Deploying to 'pocketrecipes-eea50'...
[info] 
[info] i  deploying hosting 
[debug] [2023-05-01T19:13:42.866Z] >>> [apiv2][query] POST https://firebasehosting.googleapis.com/v1beta1/projects/-/sites/pocketrecipes-eea50/versions [none]
[debug] [2023-05-01T19:13:42.866Z] >>> [apiv2][body] POST https://firebasehosting.googleapis.com/v1beta1/projects/-/sites/pocketrecipes-eea50/versions {"status":"CREATED","labels":{"deployment-tool":"cli-firebase"}}
